<?xml version="1.0" encoding="UTF-8"?>
<testng-results ignored="0" total="7" passed="7" failed="0" skipped="0">
  <reporter-output>
  </reporter-output>
  <suite started-at="2024-08-16T22:37:31 MDT" name="Air Canada Suite" finished-at="2024-08-16T22:40:16 MDT" duration-ms="165049">
    <groups>
      <group name="cucumber">
        <method signature="AbstractTestNGCucumberTests.runScenario(io.cucumber.testng.PickleWrapper,io.cucumber.testng.FeatureWrapper)[pri:0, instance:runner.TestRunner@449a4f23]" name="runScenario" class="io.cucumber.testng.AbstractTestNGCucumberTests"/>
      </group> <!-- cucumber -->
    </groups>
    <test started-at="2024-08-16T22:37:31 MDT" name="Air Canada Login And Home Page Tests" finished-at="2024-08-16T22:40:16 MDT" duration-ms="165049">
      <class name="runner.TestRunner">
        <test-method is-config="true" signature="setUpClass(org.testng.ITestContext)[pri:0, instance:runner.TestRunner@449a4f23]" started-at="2024-08-16T22:37:31 MDT" name="setUpClass" finished-at="2024-08-16T22:37:31 MDT" duration-ms="562" status="PASS">
          <params>
            <param index="0">
              <value>
                <![CDATA[org.testng.TestRunner@18c880ea]]>
              </value>
            </param>
          </params>
          <reporter-output>
          </reporter-output>
        </test-method> <!-- setUpClass -->
        <test-method signature="runScenario(io.cucumber.testng.PickleWrapper,io.cucumber.testng.FeatureWrapper)[pri:0, instance:runner.TestRunner@449a4f23]" started-at="2024-08-16T22:37:31 MDT" name="runScenario" description="Runs Cucumber Scenarios" data-provider="scenarios" finished-at="2024-08-16T22:37:55 MDT" duration-ms="23982" status="PASS">
          <params>
            <param index="0">
              <value>
                <![CDATA["Error if try to login using Invalid aeroplan number or email"]]>
              </value>
            </param>
            <param index="1">
              <value>
                <![CDATA["Login Functionality and Home Page Feature of Air Canada"]]>
              </value>
            </param>
          </params>
          <reporter-output>
          </reporter-output>
        </test-method> <!-- runScenario -->
        <test-method signature="runScenario(io.cucumber.testng.PickleWrapper,io.cucumber.testng.FeatureWrapper)[pri:0, instance:runner.TestRunner@449a4f23]" started-at="2024-08-16T22:37:55 MDT" name="runScenario" description="Runs Cucumber Scenarios" data-provider="scenarios" finished-at="2024-08-16T22:38:18 MDT" duration-ms="22897" status="PASS">
          <params>
            <param index="0">
              <value>
                <![CDATA["Error if try to login using Invalid aeroplan number or email"]]>
              </value>
            </param>
            <param index="1">
              <value>
                <![CDATA["Login Functionality and Home Page Feature of Air Canada"]]>
              </value>
            </param>
          </params>
          <reporter-output>
          </reporter-output>
        </test-method> <!-- runScenario -->
        <test-method signature="runScenario(io.cucumber.testng.PickleWrapper,io.cucumber.testng.FeatureWrapper)[pri:0, instance:runner.TestRunner@449a4f23]" started-at="2024-08-16T22:38:18 MDT" name="runScenario" description="Runs Cucumber Scenarios" data-provider="scenarios" finished-at="2024-08-16T22:38:48 MDT" duration-ms="29827" status="PASS">
          <params>
            <param index="0">
              <value>
                <![CDATA["Navigate to Create Account Page"]]>
              </value>
            </param>
            <param index="1">
              <value>
                <![CDATA["Login Functionality and Home Page Feature of Air Canada"]]>
              </value>
            </param>
          </params>
          <reporter-output>
          </reporter-output>
        </test-method> <!-- runScenario -->
        <test-method signature="runScenario(io.cucumber.testng.PickleWrapper,io.cucumber.testng.FeatureWrapper)[pri:0, instance:runner.TestRunner@449a4f23]" started-at="2024-08-16T22:38:48 MDT" name="runScenario" description="Runs Cucumber Scenarios" data-provider="scenarios" finished-at="2024-08-16T22:39:33 MDT" duration-ms="44704" status="PASS">
          <params>
            <param index="0">
              <value>
                <![CDATA["Navigate to Forgot Password Page"]]>
              </value>
            </param>
            <param index="1">
              <value>
                <![CDATA["Login Functionality and Home Page Feature of Air Canada"]]>
              </value>
            </param>
          </params>
          <reporter-output>
          </reporter-output>
        </test-method> <!-- runScenario -->
        <test-method signature="runScenario(io.cucumber.testng.PickleWrapper,io.cucumber.testng.FeatureWrapper)[pri:0, instance:runner.TestRunner@449a4f23]" started-at="2024-08-16T22:39:33 MDT" name="runScenario" description="Runs Cucumber Scenarios" data-provider="scenarios" finished-at="2024-08-16T22:39:47 MDT" duration-ms="14539" status="PASS">
          <params>
            <param index="0">
              <value>
                <![CDATA["Total Number of Routes and Partners under Book Drop Down"]]>
              </value>
            </param>
            <param index="1">
              <value>
                <![CDATA["Login Functionality and Home Page Feature of Air Canada"]]>
              </value>
            </param>
          </params>
          <reporter-output>
          </reporter-output>
        </test-method> <!-- runScenario -->
        <test-method signature="runScenario(io.cucumber.testng.PickleWrapper,io.cucumber.testng.FeatureWrapper)[pri:0, instance:runner.TestRunner@449a4f23]" started-at="2024-08-16T22:39:47 MDT" name="runScenario" description="Runs Cucumber Scenarios" data-provider="scenarios" finished-at="2024-08-16T22:40:00 MDT" duration-ms="12950" status="PASS">
          <params>
            <param index="0">
              <value>
                <![CDATA["Total Number of Popular destinations under Book Drop Down"]]>
              </value>
            </param>
            <param index="1">
              <value>
                <![CDATA["Login Functionality and Home Page Feature of Air Canada"]]>
              </value>
            </param>
          </params>
          <reporter-output>
          </reporter-output>
        </test-method> <!-- runScenario -->
        <test-method signature="runScenario(io.cucumber.testng.PickleWrapper,io.cucumber.testng.FeatureWrapper)[pri:0, instance:runner.TestRunner@449a4f23]" started-at="2024-08-16T22:40:00 MDT" name="runScenario" description="Runs Cucumber Scenarios" data-provider="scenarios" finished-at="2024-08-16T22:40:13 MDT" duration-ms="12904" status="PASS">
          <params>
            <param index="0">
              <value>
                <![CDATA["Check if Montreal is under Popular Destinations List"]]>
              </value>
            </param>
            <param index="1">
              <value>
                <![CDATA["Login Functionality and Home Page Feature of Air Canada"]]>
              </value>
            </param>
          </params>
          <reporter-output>
          </reporter-output>
        </test-method> <!-- runScenario -->
        <test-method is-config="true" signature="tearDownClass()[pri:0, instance:runner.TestRunner@449a4f23]" started-at="2024-08-16T22:40:13 MDT" name="tearDownClass" finished-at="2024-08-16T22:40:16 MDT" duration-ms="2628" status="PASS">
          <reporter-output>
          </reporter-output>
        </test-method> <!-- tearDownClass -->
      </class> <!-- runner.TestRunner -->
    </test> <!-- Air Canada Login And Home Page Tests -->
  </suite> <!-- Air Canada Suite -->
</testng-results>
